#
# There is insufficient memory for the Java Runtime Environment to continue.
# Native memory allocation (malloc) failed to allocate 1857776 bytes. Error detail: Chunk::new
# Possible reasons:
#   The system is out of physical RAM or swap space
#   This process is running with CompressedOops enabled, and the Java Heap may be blocking the growth of the native heap
# Possible solutions:
#   Reduce memory load on the system
#   Increase physical memory or swap space
#   Check if swap backing store is full
#   Decrease Java heap size (-Xmx/-Xms)
#   Decrease number of Java threads
#   Decrease Java thread stack sizes (-Xss)
#   Set larger code cache with -XX:ReservedCodeCacheSize=
#   JVM is running with Zero Based Compressed Oops mode in which the Java heap is
#     placed in the first 32GB address space. The Java Heap base address is the
#     maximum limit for the native heap growth. Please use -XX:HeapBaseMinAddress
#     to set the Java Heap base and to place the Java Heap above 32GB virtual address.
# This output file may be truncated or incomplete.
#
#  Out of Memory Error (arena.cpp:168), pid=25756, tid=28444
#
# JRE version: OpenJDK Runtime Environment Temurin-21.0.7+6 (21.0.7+6) (build 21.0.7+6-LTS)
# Java VM: OpenJDK 64-Bit Server VM Temurin-21.0.7+6 (21.0.7+6-LTS, mixed mode, sharing, tiered, compressed oops, compressed class ptrs, g1 gc, windows-amd64)
# No core dump will be written. Minidumps are not enabled by default on client versions of Windows
#

---------------  S U M M A R Y ------------

Command Line: -Dcom.sun.management.jmxremote -Dcom.sun.management.jmxremote.port=11270 -Dcom.sun.management.jmxremote.authenticate=false -Dcom.sun.management.jmxremote.ssl=false -Dspring.jmx.enabled=true -Djava.rmi.server.hostname=localhost -Dspring.application.admin.enabled=true -Dspring.boot.project.name=personal-management-system -XX:+ShowCodeDetailsInExceptionMessages com.gzhennaxia.personal.PersonalManagementApplication

Host: Intel(R) Core(TM) i5-14500, 20 cores, 15G,  Windows 11 , 64 bit Build 26100 (10.0.26100.3912)
Time: Fri May 23 20:16:55 2025  Windows 11 , 64 bit Build 26100 (10.0.26100.3912) elapsed time: 5.539111 seconds (0d 0h 0m 5s)

---------------  T H R E A D  ---------------

Current thread (0x00000286c6120d90):  JavaThread "C2 CompilerThread0" daemon [_thread_in_native, id=28444, stack(0x000000dee9100000,0x000000dee9200000) (1024K)]


Current CompileTask:
C2:5539 2717       4       java.lang.invoke.MethodType::makeImpl (109 bytes)

Stack: [0x000000dee9100000,0x000000dee9200000]
Native frames: (J=compiled Java code, j=interpreted, Vv=VM code, C=native code)
V  [jvm.dll+0x6ce119]
V  [jvm.dll+0x8a84a1]
V  [jvm.dll+0x8aa9ce]
V  [jvm.dll+0x8ab0b3]
V  [jvm.dll+0x27f8a6]
V  [jvm.dll+0xc507d]
V  [jvm.dll+0xc55b3]
V  [jvm.dll+0x3b68f2]
V  [jvm.dll+0x382aa5]
V  [jvm.dll+0x381f0a]
V  [jvm.dll+0x247af0]
V  [jvm.dll+0x2470cf]
V  [jvm.dll+0x1c760e]
V  [jvm.dll+0x25695a]
V  [jvm.dll+0x254efa]
V  [jvm.dll+0x3f03f6]
V  [jvm.dll+0x851f6b]
V  [jvm.dll+0x6cc7dd]
C  [ucrtbase.dll+0x37b0]
C  [KERNEL32.DLL+0x2e8d7]
C  [ntdll.dll+0x9c5dc]


---------------  P R O C E S S  ---------------

Threads class SMR info:
_java_thread_list=0x000002870cdf15a0, length=18, elements={
0x00000286aaad2e00, 0x00000286c6112d50, 0x00000286c6114510, 0x00000286c6119c20,
0x00000286c611c7b0, 0x00000286c611dea0, 0x00000286c611f590, 0x00000286c6120d90,
0x00000286c6123e00, 0x00000286c623ce30, 0x00000286c6243780, 0x00000286c62be280,
0x000002870c292fc0, 0x00000286c6841a20, 0x00000286c68bda90, 0x000002870c225a30,
0x000002870c6a9420, 0x000002870ce21f40
}

Java Threads: ( => current thread )
  0x00000286aaad2e00 JavaThread "main"                              [_thread_in_vm, id=24356, stack(0x000000dee8300000,0x000000dee8400000) (1024K)]
  0x00000286c6112d50 JavaThread "Reference Handler"          daemon [_thread_blocked, id=30144, stack(0x000000dee8b00000,0x000000dee8c00000) (1024K)]
  0x00000286c6114510 JavaThread "Finalizer"                  daemon [_thread_blocked, id=20208, stack(0x000000dee8c00000,0x000000dee8d00000) (1024K)]
  0x00000286c6119c20 JavaThread "Signal Dispatcher"          daemon [_thread_blocked, id=21976, stack(0x000000dee8d00000,0x000000dee8e00000) (1024K)]
  0x732f6362646a2f6b 
[error occurred during error reporting (printing all threads), id 0xc0000005, EXCEPTION_ACCESS_VIOLATION (0xc0000005) at pc=0x00007ffd20a2c7fc]
VM state: not at safepoint (normal execution)

VM Mutex/Monitor currently owned by a thread:  ([mutex/lock_event])
[0x00007ffd20e7ce88] MethodCompileQueue_lock - owner thread: 0x00000286c6123e00
[0x00007ffd20e7e208] CodeCache_lock - owner thread: 0x0000000000000000
[0x00007ffd20e7e988] SystemDictionary_lock - owner thread: 0x0000000000000000

Heap address: 0x0000000705200000, size: 4014 MB, Compressed Oops mode: Zero based, Oop shift amount: 3

CDS archive(s) mapped at: [0x00000286c7000000-0x00000286c7ba0000-0x00000286c7ba0000), size 12189696, SharedBaseAddress: 0x00000286c7000000, ArchiveRelocationMode: 1.
Compressed class space mapped at: 0x00000286c8000000-0x0000028708000000, reserved size: 1073741824
Narrow klass base: 0x00000286c7000000, Narrow klass shift: 0, Narrow klass range: 0x100000000

GC Precious Log:
 CardTable entry size: 512
 Card Set container configuration: InlinePtr #cards 4 size 8 Array Of Cards #cards 16 size 48 Howl #buckets 8 coarsen threshold 3686 Howl Bitmap #cards 512 size 80 coarsen threshold 460 Card regions per heap region 1 cards per card region 4096
 CPUs: 20 total, 20 available
 Memory: 16053M
 Large Page Support: Disabled
 NUMA Support: Disabled
 Compressed Oops: Enabled (Zero based)
 Heap Region Size: 2M
 Heap Min Capacity: 8M
 Heap Initial Capacity: 252M
 Heap Max Capacity: 4014M
 Pre-touch: Disabled
 Parallel Workers: 15
 Concurrent Workers: 4
 Concurrent Refinement Workers: 15
 Periodic GC: Disabled

Heap:
 garbage-first heap   total 258048K, used 35505K [0x0000000705200000, 0x0000000800000000)
  region size 2048K, 17 young (34816K), 2 survivors (4096K)
 Metaspace       used 21028K, committed 21312K, reserved 1114112K
  class space    used 2612K, committed 2752K, reserved 1048576K

Heap Regions: E=young(eden), S=young(survivor), O=old, HS=humongous(starts), HC=humongous(continues), CS=collection set, F=free, TAMS=top-at-mark-start, PB=parsable bottom
|   0|0x0000000705200000, 0x0000000705400000, 0x0000000705400000|100%| O|  |TAMS 0x0000000705200000| PB 0x0000000705200000| Untracked 
|   1|0x0000000705400000, 0x0000000705600000, 0x0000000705600000|100%| O|  |TAMS 0x0000000705400000| PB 0x0000000705400000| Untracked 
|   2|0x0000000705600000, 0x0000000705800000, 0x0000000705800000|100%| O|  |TAMS 0x0000000705600000| PB 0x0000000705600000| Untracked 
|   3|0x0000000705800000, 0x000000070581c180, 0x0000000705a00000|  5%| O|  |TAMS 0x0000000705800000| PB 0x0000000705800000| Untracked 
|   4|0x0000000705a00000, 0x0000000705a00000, 0x0000000705c00000|  0%| F|  |TAMS 0x0000000705a00000| PB 0x0000000705a00000| Untracked 
|   5|0x0000000705c00000, 0x0000000705c00000, 0x0000000705e00000|  0%| F|  |TAMS 0x0000000705c00000| PB 0x0000000705c00000| Untracked 
|   6|0x0000000705e00000, 0x0000000705e00000, 0x0000000706000000|  0%| F|  |TAMS 0x0000000705e00000| PB 0x0000000705e00000| Untracked 
|   7|0x0000000706000000, 0x0000000706000000, 0x0000000706200000|  0%| F|  |TAMS 0x0000000706000000| PB 0x0000000706000000| Untracked 
|   8|0x0000000706200000, 0x0000000706200000, 0x0000000706400000|  0%| F|  |TAMS 0x0000000706200000| PB 0x0000000706200000| Untracked 
|   9|0x0000000706400000, 0x0000000706400000, 0x0000000706600000|  0%| F|  |TAMS 0x0000000706400000| PB 0x0000000706400000| Untracked 
|  10|0x0000000706600000, 0x0000000706600000, 0x0000000706800000|  0%| F|  |TAMS 0x0000000706600000| PB 0x0000000706600000| Untracked 
|  11|0x0000000706800000, 0x0000000706800000, 0x0000000706a00000|  0%| F|  |TAMS 0x0000000706800000| PB 0x0000000706800000| Untracked 
|  12|0x0000000706a00000, 0x0000000706a00000, 0x0000000706c00000|  0%| F|  |TAMS 0x0000000706a00000| PB 0x0000000706a00000| Untracked 
|  13|0x0000000706c00000, 0x0000000706c00000, 0x0000000706e00000|  0%| F|  |TAMS 0x0000000706c00000| PB 0x0000000706c00000| Untracked 
|  14|0x0000000706e00000, 0x0000000706e00000, 0x0000000707000000|  0%| F|  |TAMS 0x0000000706e00000| PB 0x0000000706e00000| Untracked 
|  15|0x0000000707000000, 0x0000000707000000, 0x0000000707200000|  0%| F|  |TAMS 0x0000000707000000| PB 0x0000000707000000| Untracked 
|  16|0x0000000707200000, 0x0000000707200000, 0x0000000707400000|  0%| F|  |TAMS 0x0000000707200000| PB 0x0000000707200000| Untracked 
|  17|0x0000000707400000, 0x0000000707400000, 0x0000000707600000|  0%| F|  |TAMS 0x0000000707400000| PB 0x0000000707400000| Untracked 
|  18|0x0000000707600000, 0x0000000707600000, 0x0000000707800000|  0%| F|  |TAMS 0x0000000707600000| PB 0x0000000707600000| Untracked 
|  19|0x0000000707800000, 0x0000000707800000, 0x0000000707a00000|  0%| F|  |TAMS 0x0000000707800000| PB 0x0000000707800000| Untracked 
|  20|0x0000000707a00000, 0x0000000707a00000, 0x0000000707c00000|  0%| F|  |TAMS 0x0000000707a00000| PB 0x0000000707a00000| Untracked 
|  21|0x0000000707c00000, 0x0000000707c00000, 0x0000000707e00000|  0%| F|  |TAMS 0x0000000707c00000| PB 0x0000000707c00000| Untracked 
|  22|0x0000000707e00000, 0x0000000707e00000, 0x0000000708000000|  0%| F|  |TAMS 0x0000000707e00000| PB 0x0000000707e00000| Untracked 
|  23|0x0000000708000000, 0x0000000708000000, 0x0000000708200000|  0%| F|  |TAMS 0x0000000708000000| PB 0x0000000708000000| Untracked 
|  24|0x0000000708200000, 0x0000000708200000, 0x0000000708400000|  0%| F|  |TAMS 0x0000000708200000| PB 0x0000000708200000| Untracked 
|  25|0x0000000708400000, 0x0000000708400000, 0x0000000708600000|  0%| F|  |TAMS 0x0000000708400000| PB 0x0000000708400000| Untracked 
|  26|0x0000000708600000, 0x0000000708600000, 0x0000000708800000|  0%| F|  |TAMS 0x0000000708600000| PB 0x0000000708600000| Untracked 
|  27|0x0000000708800000, 0x0000000708800000, 0x0000000708a00000|  0%| F|  |TAMS 0x0000000708800000| PB 0x0000000708800000| Untracked 
|  28|0x0000000708a00000, 0x0000000708a00000, 0x0000000708c00000|  0%| F|  |TAMS 0x0000000708a00000| PB 0x0000000708a00000| Untracked 
|  29|0x0000000708c00000, 0x0000000708c00000, 0x0000000708e00000|  0%| F|  |TAMS 0x0000000708c00000| PB 0x0000000708c00000| Untracked 
|  30|0x0000000708e00000, 0x0000000708e00000, 0x0000000709000000|  0%| F|  |TAMS 0x0000000708e00000| PB 0x0000000708e00000| Untracked 
|  31|0x0000000709000000, 0x0000000709000000, 0x0000000709200000|  0%| F|  |TAMS 0x0000000709000000| PB 0x0000000709000000| Untracked 
|  32|0x0000000709200000, 0x0000000709200000, 0x0000000709400000|  0%| F|  |TAMS 0x0000000709200000| PB 0x0000000709200000| Untracked 
|  33|0x0000000709400000, 0x0000000709400000, 0x0000000709600000|  0%| F|  |TAMS 0x0000000709400000| PB 0x0000000709400000| Untracked 
|  34|0x0000000709600000, 0x0000000709600000, 0x0000000709800000|  0%| F|  |TAMS 0x0000000709600000| PB 0x0000000709600000| Untracked 
|  35|0x0000000709800000, 0x0000000709800000, 0x0000000709a00000|  0%| F|  |TAMS 0x0000000709800000| PB 0x0000000709800000| Untracked 
|  36|0x0000000709a00000, 0x0000000709a00000, 0x0000000709c00000|  0%| F|  |TAMS 0x0000000709a00000| PB 0x0000000709a00000| Untracked 
|  37|0x0000000709c00000, 0x0000000709c00000, 0x0000000709e00000|  0%| F|  |TAMS 0x0000000709c00000| PB 0x0000000709c00000| Untracked 
|  38|0x0000000709e00000, 0x0000000709e00000, 0x000000070a000000|  0%| F|  |TAMS 0x0000000709e00000| PB 0x0000000709e00000| Untracked 
|  39|0x000000070a000000, 0x000000070a000000, 0x000000070a200000|  0%| F|  |TAMS 0x000000070a000000| PB 0x000000070a000000| Untracked 
|  40|0x000000070a200000, 0x000000070a200000, 0x000000070a400000|  0%| F|  |TAMS 0x000000070a200000| PB 0x000000070a200000| Untracked 
|  41|0x000000070a400000, 0x000000070a400000, 0x000000070a600000|  0%| F|  |TAMS 0x000000070a400000| PB 0x000000070a400000| Untracked 
|  42|0x000000070a600000, 0x000000070a600000, 0x000000070a800000|  0%| F|  |TAMS 0x000000070a600000| PB 0x000000070a600000| Untracked 
|  43|0x000000070a800000, 0x000000070a800000, 0x000000070aa00000|  0%| F|  |TAMS 0x000000070a800000| PB 0x000000070a800000| Untracked 
|  44|0x000000070aa00000, 0x000000070aa00000, 0x000000070ac00000|  0%| F|  |TAMS 0x000000070aa00000| PB 0x000000070aa00000| Untracked 
|  45|0x000000070ac00000, 0x000000070ac00000, 0x000000070ae00000|  0%| F|  |TAMS 0x000000070ac00000| PB 0x000000070ac00000| Untracked 
|  46|0x000000070ae00000, 0x000000070ae00000, 0x000000070b000000|  0%| F|  |TAMS 0x000000070ae00000| PB 0x000000070ae00000| Untracked 
|  47|0x000000070b000000, 0x000000070b000000, 0x000000070b200000|  0%| F|  |TAMS 0x000000070b000000| PB 0x000000070b000000| Untracked 
|  48|0x000000070b200000, 0x000000070b200000, 0x000000070b400000|  0%| F|  |TAMS 0x000000070b200000| PB 0x000000070b200000| Untracked 
|  49|0x000000070b400000, 0x000000070b400000, 0x000000070b600000|  0%| F|  |TAMS 0x000000070b400000| PB 0x000000070b400000| Untracked 
|  50|0x000000070b600000, 0x000000070b600000, 0x000000070b800000|  0%| F|  |TAMS 0x000000070b600000| PB 0x000000070b600000| Untracked 
|  51|0x000000070b800000, 0x000000070b800000, 0x000000070ba00000|  0%| F|  |TAMS 0x000000070b800000| PB 0x000000070b800000| Untracked 
|  52|0x000000070ba00000, 0x000000070ba00000, 0x000000070bc00000|  0%| F|  |TAMS 0x000000070ba00000| PB 0x000000070ba00000| Untracked 
|  53|0x000000070bc00000, 0x000000070bc00000, 0x000000070be00000|  0%| F|  |TAMS 0x000000070bc00000| PB 0x000000070bc00000| Untracked 
|  54|0x000000070be00000, 0x000000070be00000, 0x000000070c000000|  0%| F|  |TAMS 0x000000070be00000| PB 0x000000070be00000| Untracked 
|  55|0x000000070c000000, 0x000000070c000000, 0x000000070c200000|  0%| F|  |TAMS 0x000000070c000000| PB 0x000000070c000000| Untracked 
|  56|0x000000070c200000, 0x000000070c200000, 0x000000070c400000|  0%| F|  |TAMS 0x000000070c200000| PB 0x000000070c200000| Untracked 
|  57|0x000000070c400000, 0x000000070c400000, 0x000000070c600000|  0%| F|  |TAMS 0x000000070c400000| PB 0x000000070c400000| Untracked 
|  58|0x000000070c600000, 0x000000070c600000, 0x000000070c800000|  0%| F|  |TAMS 0x000000070c600000| PB 0x000000070c600000| Untracked 
|  59|0x000000070c800000, 0x000000070c800000, 0x000000070ca00000|  0%| F|  |TAMS 0x000000070c800000| PB 0x000000070c800000| Untracked 
|  60|0x000000070ca00000, 0x000000070ca00000, 0x000000070cc00000|  0%| F|  |TAMS 0x000000070ca00000| PB 0x000000070ca00000| Untracked 
|  61|0x000000070cc00000, 0x000000070cc00000, 0x000000070ce00000|  0%| F|  |TAMS 0x000000070cc00000| PB 0x000000070cc00000| Untracked 
|  62|0x000000070ce00000, 0x000000070ce00000, 0x000000070d000000|  0%| F|  |TAMS 0x000000070ce00000| PB 0x000000070ce00000| Untracked 
|  63|0x000000070d000000, 0x000000070d000000, 0x000000070d200000|  0%| F|  |TAMS 0x000000070d000000| PB 0x000000070d000000| Untracked 
|  64|0x000000070d200000, 0x000000070d200000, 0x000000070d400000|  0%| F|  |TAMS 0x000000070d200000| PB 0x000000070d200000| Untracked 
|  65|0x000000070d400000, 0x000000070d400000, 0x000000070d600000|  0%| F|  |TAMS 0x000000070d400000| PB 0x000000070d400000| Untracked 
|  66|0x000000070d600000, 0x000000070d600000, 0x000000070d800000|  0%| F|  |TAMS 0x000000070d600000| PB 0x000000070d600000| Untracked 
|  67|0x000000070d800000, 0x000000070d800000, 0x000000070da00000|  0%| F|  |TAMS 0x000000070d800000| PB 0x000000070d800000| Untracked 
|  68|0x000000070da00000, 0x000000070da00000, 0x000000070dc00000|  0%| F|  |TAMS 0x000000070da00000| PB 0x000000070da00000| Untracked 
|  69|0x000000070dc00000, 0x000000070dc00000, 0x000000070de00000|  0%| F|  |TAMS 0x000000070dc00000| PB 0x000000070dc00000| Untracked 
|  70|0x000000070de00000, 0x000000070de00000, 0x000000070e000000|  0%| F|  |TAMS 0x000000070de00000| PB 0x000000070de00000| Untracked 
|  71|0x000000070e000000, 0x000000070e000000, 0x000000070e200000|  0%| F|  |TAMS 0x000000070e000000| PB 0x000000070e000000| Untracked 
|  72|0x000000070e200000, 0x000000070e200000, 0x000000070e400000|  0%| F|  |TAMS 0x000000070e200000| PB 0x000000070e200000| Untracked 
|  73|0x000000070e400000, 0x000000070e400000, 0x000000070e600000|  0%| F|  |TAMS 0x000000070e400000| PB 0x000000070e400000| Untracked 
|  74|0x000000070e600000, 0x000000070e600000, 0x000000070e800000|  0%| F|  |TAMS 0x000000070e600000| PB 0x000000070e600000| Untracked 
|  75|0x000000070e800000, 0x000000070e800000, 0x000000070ea00000|  0%| F|  |TAMS 0x000000070e800000| PB 0x000000070e800000| Untracked 
|  76|0x000000070ea00000, 0x000000070ea00000, 0x000000070ec00000|  0%| F|  |TAMS 0x000000070ea00000| PB 0x000000070ea00000| Untracked 
|  77|0x000000070ec00000, 0x000000070ec00000, 0x000000070ee00000|  0%| F|  |TAMS 0x000000070ec00000| PB 0x000000070ec00000| Untracked 
|  78|0x000000070ee00000, 0x000000070ee00000, 0x000000070f000000|  0%| F|  |TAMS 0x000000070ee00000| PB 0x000000070ee00000| Untracked 
|  79|0x000000070f000000, 0x000000070f000000, 0x000000070f200000|  0%| F|  |TAMS 0x000000070f000000| PB 0x000000070f000000| Untracked 
|  80|0x000000070f200000, 0x000000070f200000, 0x000000070f400000|  0%| F|  |TAMS 0x000000070f200000| PB 0x000000070f200000| Untracked 
|  81|0x000000070f400000, 0x000000070f400000, 0x000000070f600000|  0%| F|  |TAMS 0x000000070f400000| PB 0x000000070f400000| Untracked 
|  82|0x000000070f600000, 0x000000070f600000, 0x000000070f800000|  0%| F|  |TAMS 0x000000070f600000| PB 0x000000070f600000| Untracked 
|  83|0x000000070f800000, 0x000000070f800000, 0x000000070fa00000|  0%| F|  |TAMS 0x000000070f800000| PB 0x000000070f800000| Untracked 
|  84|0x000000070fa00000, 0x000000070fa00000, 0x000000070fc00000|  0%| F|  |TAMS 0x000000070fa00000| PB 0x000000070fa00000| Untracked 
|  85|0x000000070fc00000, 0x000000070fc00000, 0x000000070fe00000|  0%| F|  |TAMS 0x000000070fc00000| PB 0x000000070fc00000| Untracked 
|  86|0x000000070fe00000, 0x000000070fe00000, 0x0000000710000000|  0%| F|  |TAMS 0x000000070fe00000| PB 0x000000070fe00000| Untracked 
|  87|0x0000000710000000, 0x0000000710000000, 0x0000000710200000|  0%| F|  |TAMS 0x0000000710000000| PB 0x0000000710000000| Untracked 
|  88|0x0000000710200000, 0x0000000710200000, 0x0000000710400000|  0%| F|  |TAMS 0x0000000710200000| PB 0x0000000710200000| Untracked 
|  89|0x0000000710400000, 0x0000000710400000, 0x0000000710600000|  0%| F|  |TAMS 0x0000000710400000| PB 0x0000000710400000| Untracked 
|  90|0x0000000710600000, 0x0000000710600000, 0x0000000710800000|  0%| F|  |TAMS 0x0000000710600000| PB 0x0000000710600000| Untracked 
|  91|0x0000000710800000, 0x0000000710800000, 0x0000000710a00000|  0%| F|  |TAMS 0x0000000710800000| PB 0x0000000710800000| Untracked 
|  92|0x0000000710a00000, 0x0000000710a00000, 0x0000000710c00000|  0%| F|  |TAMS 0x0000000710a00000| PB 0x0000000710a00000| Untracked 
|  93|0x0000000710c00000, 0x0000000710c00000, 0x0000000710e00000|  0%| F|  |TAMS 0x0000000710c00000| PB 0x0000000710c00000| Untracked 
|  94|0x0000000710e00000, 0x0000000710e00000, 0x0000000711000000|  0%| F|  |TAMS 0x0000000710e00000| PB 0x0000000710e00000| Untracked 
|  95|0x0000000711000000, 0x0000000711000000, 0x0000000711200000|  0%| F|  |TAMS 0x0000000711000000| PB 0x0000000711000000| Untracked 
|  96|0x0000000711200000, 0x0000000711200000, 0x0000000711400000|  0%| F|  |TAMS 0x0000000711200000| PB 0x0000000711200000| Untracked 
|  97|0x0000000711400000, 0x0000000711400000, 0x0000000711600000|  0%| F|  |TAMS 0x0000000711400000| PB 0x0000000711400000| Untracked 
|  98|0x0000000711600000, 0x0000000711600000, 0x0000000711800000|  0%| F|  |TAMS 0x0000000711600000| PB 0x0000000711600000| Untracked 
|  99|0x0000000711800000, 0x0000000711800000, 0x0000000711a00000|  0%| F|  |TAMS 0x0000000711800000| PB 0x0000000711800000| Untracked 
| 100|0x0000000711a00000, 0x0000000711a00000, 0x0000000711c00000|  0%| F|  |TAMS 0x0000000711a00000| PB 0x0000000711a00000| Untracked 
| 101|0x0000000711c00000, 0x0000000711c00000, 0x0000000711e00000|  0%| F|  |TAMS 0x0000000711c00000| PB 0x0000000711c00000| Untracked 
| 102|0x0000000711e00000, 0x0000000711e00000, 0x0000000712000000|  0%| F|  |TAMS 0x0000000711e00000| PB 0x0000000711e00000| Untracked 
| 103|0x0000000712000000, 0x0000000712000000, 0x0000000712200000|  0%| F|  |TAMS 0x0000000712000000| PB 0x0000000712000000| Untracked 
| 104|0x0000000712200000, 0x0000000712200000, 0x0000000712400000|  0%| F|  |TAMS 0x0000000712200000| PB 0x0000000712200000| Untracked 
| 105|0x0000000712400000, 0x0000000712400000, 0x0000000712600000|  0%| F|  |TAMS 0x0000000712400000| PB 0x0000000712400000| Untracked 
| 106|0x0000000712600000, 0x0000000712600000, 0x0000000712800000|  0%| F|  |TAMS 0x0000000712600000| PB 0x0000000712600000| Untracked 
| 107|0x0000000712800000, 0x0000000712800000, 0x0000000712a00000|  0%| F|  |TAMS 0x0000000712800000| PB 0x0000000712800000| Untracked 
| 108|0x0000000712a00000, 0x0000000712a0fac8, 0x0000000712c00000|  3%| E|  |TAMS 0x0000000712a00000| PB 0x0000000712a00000| Complete 
| 109|0x0000000712c00000, 0x0000000712e00000, 0x0000000712e00000|100%| E|CS|TAMS 0x0000000712c00000| PB 0x0000000712c00000| Complete 
| 110|0x0000000712e00000, 0x0000000712e90670, 0x0000000713000000| 28%| S|CS|TAMS 0x0000000712e00000| PB 0x0000000712e00000| Complete 
| 111|0x0000000713000000, 0x0000000713200000, 0x0000000713200000|100%| S|CS|TAMS 0x0000000713000000| PB 0x0000000713000000| Complete 
| 112|0x0000000713200000, 0x0000000713400000, 0x0000000713400000|100%| E|CS|TAMS 0x0000000713200000| PB 0x0000000713200000| Complete 
| 113|0x0000000713400000, 0x0000000713600000, 0x0000000713600000|100%| E|CS|TAMS 0x0000000713400000| PB 0x0000000713400000| Complete 
| 114|0x0000000713600000, 0x0000000713800000, 0x0000000713800000|100%| E|CS|TAMS 0x0000000713600000| PB 0x0000000713600000| Complete 
| 115|0x0000000713800000, 0x0000000713a00000, 0x0000000713a00000|100%| E|CS|TAMS 0x0000000713800000| PB 0x0000000713800000| Complete 
| 116|0x0000000713a00000, 0x0000000713c00000, 0x0000000713c00000|100%| E|CS|TAMS 0x0000000713a00000| PB 0x0000000713a00000| Complete 
| 117|0x0000000713c00000, 0x0000000713e00000, 0x0000000713e00000|100%| E|  |TAMS 0x0000000713c00000| PB 0x0000000713c00000| Complete 
| 118|0x0000000713e00000, 0x0000000714000000, 0x0000000714000000|100%| E|CS|TAMS 0x0000000713e00000| PB 0x0000000713e00000| Complete 
| 119|0x0000000714000000, 0x0000000714200000, 0x0000000714200000|100%| E|CS|TAMS 0x0000000714000000| PB 0x0000000714000000| Complete 
| 120|0x0000000714200000, 0x0000000714400000, 0x0000000714400000|100%| E|CS|TAMS 0x0000000714200000| PB 0x0000000714200000| Complete 
| 121|0x0000000714400000, 0x0000000714600000, 0x0000000714600000|100%| E|CS|TAMS 0x0000000714400000| PB 0x0000000714400000| Complete 
| 122|0x0000000714600000, 0x0000000714800000, 0x0000000714800000|100%| E|CS|TAMS 0x0000000714600000| PB 0x0000000714600000| Complete 
| 123|0x0000000714800000, 0x0000000714a00000, 0x0000000714a00000|100%| E|CS|TAMS 0x0000000714800000| PB 0x0000000714800000| Complete 
| 124|0x0000000714a00000, 0x0000000714c00000, 0x0000000714c00000|100%| E|CS|TAMS 0x0000000714a00000| PB 0x0000000714a00000| Complete 
| 125|0x0000000714c00000, 0x0000000714e00000, 0x0000000714e00000|100%| E|CS|TAMS 0x0000000714c00000| PB 0x0000000714c00000| Complete 

Card table byte_map: [0x00000286be770000,0x00000286bef50000] _byte_map_base: 0x00000286baf47000

Marking Bits: (CMBitMap*) 0x00000286aab442a0
 Bits: [0x00000286bef50000, 0x00000286c2e08000)

Polling page: 0x00000286a8ec0000

Metaspace:

Usage:
  Non-class:     18.01 MB used.
      Class:      2.56 MB used.
       Both:     20.56 MB used.

Virtual space:
  Non-class space:       64.00 MB reserved,      18.19 MB ( 28%) committed,  1 nodes.
      Class space:        1.00 GB reserved,       2.69 MB ( <1%) committed,  1 nodes.
             Both:        1.06 GB reserved,      20.88 MB (  2%) committed. 

Chunk freelists:
   Non-Class:  13.67 MB
       Class:  13.20 MB
        Both:  26.88 MB

MaxMetaspaceSize: unlimited
CompressedClassSpaceSize: 1.00 GB
Initial GC threshold: 21.00 MB
Current GC threshold: 21.00 MB
CDS: on
 - commit_granule_bytes: 65536.
 - commit_granule_words: 8192.
 - virtual_space_node_default_size: 8388608.
 - enlarge_chunks_in_place: 1.
 - use_allocation_guard: 0.


Internal statistics:

num_allocs_failed_limit: 0.
num_arena_births: 326.
num_arena_deaths: 0.
num_vsnodes_births: 2.
num_vsnodes_deaths: 0.
num_space_committed: 334.
num_space_uncommitted: 0.
num_chunks_returned_to_freelist: 0.
num_chunks_taken_from_freelist: 907.
num_chunk_merges: 0.
num_chunk_splits: 627.
num_chunks_enlarged: 479.
num_inconsistent_stats: 0.

CodeHeap 'non-profiled nmethods': size=119168Kb used=1059Kb max_used=1059Kb free=118108Kb
 bounds [0x00000286b5950000, 0x00000286b5bc0000, 0x00000286bcdb0000]
CodeHeap 'profiled nmethods': size=119104Kb used=5590Kb max_used=5590Kb free=113514Kb
 bounds [0x00000286addb0000, 0x00000286ae330000, 0x00000286b5200000]
CodeHeap 'non-nmethods': size=7488Kb used=1455Kb max_used=3150Kb free=6032Kb
 bounds [0x00000286b5200000, 0x00000286b5520000, 0x00000286b5950000]
 total_blobs=3442 nmethods=2906 adapters=440
 compilation: enabled
              stopped_count=0, restarted_count=0
 full_count=0

Compilation events (20 events):
Event: 4.514 Thread 0x00000286c6243780 nmethod 2909 0x00000286ae31f590 code [0x00000286ae31f740, 0x00000286ae31f8b0]
Event: 4.514 Thread 0x00000286c6123e00 nmethod 2910 0x00000286ae31f990 code [0x00000286ae31fc60, 0x00000286ae320aa8]
Event: 4.516 Thread 0x00000286c6123e00 2911       3       java.lang.String::<init> (74 bytes)
Event: 4.517 Thread 0x00000286c6123e00 nmethod 2911 0x00000286ae321110 code [0x00000286ae321300, 0x00000286ae321710]
Event: 4.519 Thread 0x00000286c6123e00 2914 %     3       java.util.Properties::load0 @ 29 (249 bytes)
Event: 4.520 Thread 0x00000286c6123e00 nmethod 2914% 0x00000286ae321810 code [0x00000286ae321a60, 0x00000286ae322590]
Event: 4.520 Thread 0x00000286c6243780 2915       3       java.lang.invoke.LambdaFormEditor$TransformKey::packedBytes (37 bytes)
Event: 4.520 Thread 0x00000286c6123e00 2916       3       java.util.Properties::load0 (249 bytes)
Event: 4.520 Thread 0x00000286c6243780 nmethod 2915 0x00000286ae322990 code [0x00000286ae322b20, 0x00000286ae322c30]
Event: 4.520 Thread 0x00000286c6123e00 nmethod 2916 0x00000286ae322c90 code [0x00000286ae322ee0, 0x00000286ae323870]
Event: 4.520 Thread 0x000002870c225a30 nmethod 2874 0x00000286b5a58190 code [0x00000286b5a58360, 0x00000286b5a58b50]
Event: 4.520 Thread 0x000002870c225a30 2912 %     4       java.util.Properties$LineReader::readLine @ 53 (584 bytes)
Event: 4.520 Thread 0x00000286c6243780 2917       3       java.util.concurrent.ConcurrentHashMap$EntryIterator::next (5 bytes)
Event: 4.520 Thread 0x00000286c6123e00 2918       3       java.util.concurrent.ConcurrentHashMap$EntryIterator::next (51 bytes)
Event: 4.521 Thread 0x00000286c6243780 nmethod 2917 0x00000286ae323b90 code [0x00000286ae323d40, 0x00000286ae323e78]
Event: 4.521 Thread 0x00000286c6243780 2919       3       java.util.concurrent.ConcurrentHashMap$MapEntry::<init> (20 bytes)
Event: 4.521 Thread 0x00000286c6123e00 nmethod 2918 0x00000286ae323f10 code [0x00000286ae324100, 0x00000286ae324648]
Event: 4.521 Thread 0x00000286c6243780 nmethod 2919 0x00000286ae324810 code [0x00000286ae3249c0, 0x00000286ae324c58]
Event: 4.522 Thread 0x00000286c6243780 2920       3       java.lang.invoke.LambdaForm$DMH/0x00000286c8100000::invokeStatic (31 bytes)
Event: 4.522 Thread 0x00000286c6243780 nmethod 2920 0x00000286ae324d10 code [0x00000286ae324ee0, 0x00000286ae325350]

GC Heap History (4 events):
Event: 0.686 GC heap before
{Heap before GC invocations=0 (full 0):
 garbage-first heap   total 258048K, used 20480K [0x0000000705200000, 0x0000000800000000)
  region size 2048K, 11 young (22528K), 0 survivors (0K)
 Metaspace       used 7496K, committed 7808K, reserved 1114112K
  class space    used 826K, committed 960K, reserved 1048576K
}
Event: 0.695 GC heap after
{Heap after GC invocations=1 (full 0):
 garbage-first heap   total 258048K, used 6134K [0x0000000705200000, 0x0000000800000000)
  region size 2048K, 2 young (4096K), 2 survivors (4096K)
 Metaspace       used 7496K, committed 7808K, reserved 1114112K
  class space    used 826K, committed 960K, reserved 1048576K
}
Event: 3.201 GC heap before
{Heap before GC invocations=1 (full 0):
 garbage-first heap   total 258048K, used 30710K [0x0000000705200000, 0x0000000800000000)
  region size 2048K, 14 young (28672K), 2 survivors (4096K)
 Metaspace       used 13933K, committed 14272K, reserved 1114112K
  class space    used 1697K, committed 1856K, reserved 1048576K
}
Event: 3.205 GC heap after
{Heap after GC invocations=2 (full 0):
 garbage-first heap   total 258048K, used 8881K [0x0000000705200000, 0x0000000800000000)
  region size 2048K, 2 young (4096K), 2 survivors (4096K)
 Metaspace       used 13933K, committed 14272K, reserved 1114112K
  class space    used 1697K, committed 1856K, reserved 1048576K
}

Dll operation events (9 events):
Event: 0.005 Loaded shared library C:\Users\19625\.trae\extensions\redhat.java-1.42.0-win32-x64\jre\21.0.7-win32-x86_64\bin\java.dll
Event: 0.024 Loaded shared library C:\Users\19625\.trae\extensions\redhat.java-1.42.0-win32-x64\jre\21.0.7-win32-x86_64\bin\zip.dll
Event: 0.119 Loaded shared library C:\Users\19625\.trae\extensions\redhat.java-1.42.0-win32-x64\jre\21.0.7-win32-x86_64\bin\jimage.dll
Event: 0.126 Loaded shared library C:\Users\19625\.trae\extensions\redhat.java-1.42.0-win32-x64\jre\21.0.7-win32-x86_64\bin\net.dll
Event: 0.130 Loaded shared library C:\Users\19625\.trae\extensions\redhat.java-1.42.0-win32-x64\jre\21.0.7-win32-x86_64\bin\nio.dll
Event: 0.134 Loaded shared library C:\Users\19625\.trae\extensions\redhat.java-1.42.0-win32-x64\jre\21.0.7-win32-x86_64\bin\zip.dll
Event: 0.176 Loaded shared library C:\Users\19625\.trae\extensions\redhat.java-1.42.0-win32-x64\jre\21.0.7-win32-x86_64\bin\management.dll
Event: 0.201 Loaded shared library C:\Users\19625\.trae\extensions\redhat.java-1.42.0-win32-x64\jre\21.0.7-win32-x86_64\bin\management_ext.dll
Event: 0.433 Loaded shared library C:\Users\19625\.trae\extensions\redhat.java-1.42.0-win32-x64\jre\21.0.7-win32-x86_64\bin\extnet.dll

Deoptimization events (20 events):
Event: 3.369 Thread 0x00000286aaad2e00 Uncommon trap: trap_request=0xffffff45 fr.pc=0x00000286b59cfb5c relative=0x000000000000019c
Event: 3.369 Thread 0x00000286aaad2e00 Uncommon trap: reason=unstable_if action=reinterpret pc=0x00000286b59cfb5c method=java.util.zip.ZipCoder.hash(Ljava/lang/String;)I @ 23 c2
Event: 3.369 Thread 0x00000286aaad2e00 DEOPT PACKING pc=0x00000286b59cfb5c sp=0x000000dee83fe4d0
Event: 3.369 Thread 0x00000286aaad2e00 DEOPT UNPACKING pc=0x00000286b52546a2 sp=0x000000dee83fe458 mode 2
Event: 3.369 Thread 0x00000286aaad2e00 Uncommon trap: trap_request=0xffffff45 fr.pc=0x00000286b5a2ef10 relative=0x0000000000001410
Event: 3.369 Thread 0x00000286aaad2e00 Uncommon trap: reason=unstable_if action=reinterpret pc=0x00000286b5a2ef10 method=java.util.zip.ZipCoder.hash(Ljava/lang/String;)I @ 23 c2
Event: 3.369 Thread 0x00000286aaad2e00 DEOPT PACKING pc=0x00000286b5a2ef10 sp=0x000000dee83fe570
Event: 3.369 Thread 0x00000286aaad2e00 DEOPT UNPACKING pc=0x00000286b52546a2 sp=0x000000dee83fe3c8 mode 2
Event: 3.370 Thread 0x00000286aaad2e00 Uncommon trap: trap_request=0xffffff45 fr.pc=0x00000286b597066c relative=0x000000000000004c
Event: 3.370 Thread 0x00000286aaad2e00 Uncommon trap: reason=unstable_if action=reinterpret pc=0x00000286b597066c method=sun.nio.fs.WindowsPathParser.isSlash(C)Z @ 9 c2
Event: 3.370 Thread 0x00000286aaad2e00 DEOPT PACKING pc=0x00000286b597066c sp=0x000000dee83fe530
Event: 3.370 Thread 0x00000286aaad2e00 DEOPT UNPACKING pc=0x00000286b52546a2 sp=0x000000dee83fe4b8 mode 2
Event: 4.471 Thread 0x00000286aaad2e00 Uncommon trap: trap_request=0xffffffc6 fr.pc=0x00000286b5a44e30 relative=0x00000000000008f0
Event: 4.471 Thread 0x00000286aaad2e00 Uncommon trap: reason=bimorphic_or_optimized_type_check action=maybe_recompile pc=0x00000286b5a44e30 method=java.util.HashMap.putVal(ILjava/lang/Object;Ljava/lang/Object;ZZ)Ljava/lang/Object; @ 203 c2
Event: 4.471 Thread 0x00000286aaad2e00 DEOPT PACKING pc=0x00000286b5a44e30 sp=0x000000dee83fec00
Event: 4.471 Thread 0x00000286aaad2e00 DEOPT UNPACKING pc=0x00000286b52546a2 sp=0x000000dee83feb10 mode 2
Event: 4.516 Thread 0x00000286aaad2e00 Uncommon trap: trap_request=0xffffff45 fr.pc=0x00000286b59c10ec relative=0x000000000000034c
Event: 4.516 Thread 0x00000286aaad2e00 Uncommon trap: reason=unstable_if action=reinterpret pc=0x00000286b59c10ec method=java.lang.String.<init>([CIILjava/lang/Void;)V @ 5 c2
Event: 4.516 Thread 0x00000286aaad2e00 DEOPT PACKING pc=0x00000286b59c10ec sp=0x000000dee83fe900
Event: 4.516 Thread 0x00000286aaad2e00 DEOPT UNPACKING pc=0x00000286b52546a2 sp=0x000000dee83fe8c0 mode 2

Classes loaded (20 events):
Event: 4.468 Loading class java/util/concurrent/ConcurrentLinkedQueue
Event: 4.468 Loading class java/util/concurrent/ConcurrentLinkedQueue done
Event: 4.468 Loading class java/util/concurrent/ConcurrentLinkedQueue$Node
Event: 4.468 Loading class java/util/concurrent/ConcurrentLinkedQueue$Node done
Event: 4.468 Loading class java/util/concurrent/atomic/AtomicLongArray
Event: 4.468 Loading class java/util/concurrent/atomic/AtomicLongArray done
Event: 4.468 Loading class java/lang/invoke/VarHandleLongs$Array
Event: 4.468 Loading class java/lang/invoke/VarHandleLongs$Array done
Event: 4.469 Loading class java/util/concurrent/atomic/AtomicReferenceArray
Event: 4.469 Loading class java/util/concurrent/atomic/AtomicReferenceArray done
Event: 4.469 Loading class java/lang/invoke/VarHandleReferences$Array
Event: 4.469 Loading class java/lang/invoke/VarHandleReferences$Array done
Event: 4.475 Loading class sun/text/resources/cldr/FormatData_en
Event: 4.475 Loading class sun/text/resources/cldr/FormatData_en done
Event: 4.475 Loading class sun/text/resources/cldr/FormatData_en_US
Event: 4.475 Loading class sun/text/resources/cldr/FormatData_en_US done
Event: 4.491 Loading class java/io/CharArrayReader
Event: 4.491 Loading class java/io/CharArrayReader done
Event: 4.522 Loading class java/lang/Thread$ThreadNumbering
Event: 4.522 Loading class java/lang/Thread$ThreadNumbering done

Classes unloaded (0 events):
No events

Classes redefined (0 events):
No events

Internal exceptions (20 events):
Event: 2.040 Thread 0x00000286aaad2e00 Exception <a 'java/lang/NoSuchMethodError'{0x0000000713e367d0}: 'void java.lang.invoke.DirectMethodHandle$Holder.invokeSpecial(java.lang.Object, java.lang.Object, java.lang.Object, java.lang.Object, java.lang.Object, java.lang.Object)'> (0x0000000713e367d0) 
thrown [s\src\hotspot\share\interpreter\linkResolver.cpp, line 773]
Event: 3.070 Thread 0x00000286aaad2e00 Exception <a 'java/lang/NoSuchMethodError'{0x0000000713ecded0}: 'java.lang.Object java.lang.invoke.DirectMethodHandle$Holder.invokeSpecial(java.lang.Object, java.lang.Object, java.lang.Object, int, java.lang.Object)'> (0x0000000713ecded0) 
thrown [s\src\hotspot\share\interpreter\linkResolver.cpp, line 773]
Event: 3.071 Thread 0x00000286aaad2e00 Exception <a 'java/lang/NoSuchMethodError'{0x0000000713ed59b0}: 'java.lang.Object java.lang.invoke.DirectMethodHandle$Holder.newInvokeSpecial(java.lang.Object, java.lang.Object, java.lang.Object, int, java.lang.Object)'> (0x0000000713ed59b0) 
thrown [s\src\hotspot\share\interpreter\linkResolver.cpp, line 773]
Event: 3.071 Thread 0x00000286aaad2e00 Exception <a 'java/lang/NoSuchMethodError'{0x0000000713edcf78}: 'java.lang.Object java.lang.invoke.Invokers$Holder.linkToTargetMethod(java.lang.Object, java.lang.Object, int, java.lang.Object, java.lang.Object)'> (0x0000000713edcf78) 
thrown [s\src\hotspot\share\interpreter\linkResolver.cpp, line 773]
Event: 3.072 Thread 0x00000286aaad2e00 Exception <a 'java/lang/NoSuchMethodError'{0x0000000713eea6a0}: 'java.lang.Object java.lang.invoke.DirectMethodHandle$Holder.newInvokeSpecial(java.lang.Object, int, java.lang.Object)'> (0x0000000713eea6a0) 
thrown [s\src\hotspot\share\interpreter\linkResolver.cpp, line 773]
Event: 3.073 Thread 0x00000286aaad2e00 Exception <a 'java/lang/NoSuchMethodError'{0x0000000713eee420}: 'int java.lang.invoke.DirectMethodHandle$Holder.invokeSpecialIFC(java.lang.Object, java.lang.Object, java.lang.Object, java.lang.Object)'> (0x0000000713eee420) 
thrown [s\src\hotspot\share\interpreter\linkResolver.cpp, line 773]
Event: 3.084 Thread 0x00000286aaad2e00 Exception <a 'java/lang/NoSuchMethodError'{0x0000000713ff1ec0}: 'void java.lang.invoke.DirectMethodHandle$Holder.invokeInterface(java.lang.Object, java.lang.Object, java.lang.Object)'> (0x0000000713ff1ec0) 
thrown [s\src\hotspot\share\interpreter\linkResolver.cpp, line 773]
Event: 3.097 Thread 0x00000286aaad2e00 Exception <a 'java/lang/NoSuchMethodError'{0x0000000713c8acb0}: 'void java.lang.invoke.DirectMethodHandle$Holder.invokeStaticInit(java.lang.Object, java.lang.Object, java.lang.Object)'> (0x0000000713c8acb0) 
thrown [s\src\hotspot\share\interpreter\linkResolver.cpp, line 773]
Event: 3.101 Thread 0x00000286aaad2e00 Exception <a 'java/lang/NoSuchMethodError'{0x0000000713cce5c8}: 'java.lang.Object java.lang.invoke.DirectMethodHandle$Holder.invokeStatic(java.lang.Object, long, java.lang.Object)'> (0x0000000713cce5c8) 
thrown [s\src\hotspot\share\interpreter\linkResolver.cpp, line 773]
Event: 3.101 Thread 0x00000286aaad2e00 Exception <a 'java/lang/NoSuchMethodError'{0x0000000713cd1c60}: 'java.lang.Object java.lang.invoke.DirectMethodHandle$Holder.invokeStaticInit(java.lang.Object, long, java.lang.Object)'> (0x0000000713cd1c60) 
thrown [s\src\hotspot\share\interpreter\linkResolver.cpp, line 773]
Event: 3.101 Thread 0x00000286aaad2e00 Exception <a 'java/lang/NoSuchMethodError'{0x0000000713cd7508}: 'java.lang.Object java.lang.invoke.DirectMethodHandle$Holder.newInvokeSpecial(java.lang.Object, long)'> (0x0000000713cd7508) 
thrown [s\src\hotspot\share\interpreter\linkResolver.cpp, line 773]
Event: 3.104 Thread 0x00000286aaad2e00 Exception <a 'java/lang/NoSuchMethodError'{0x0000000713d07098}: 'java.lang.Object java.lang.invoke.DirectMethodHandle$Holder.invokeVirtual(java.lang.Object, java.lang.Object, java.lang.Object)'> (0x0000000713d07098) 
thrown [s\src\hotspot\share\interpreter\linkResolver.cpp, line 773]
Event: 3.112 Thread 0x00000286aaad2e00 Exception <a 'java/lang/NoSuchMethodError'{0x0000000713d66cf8}: 'void java.lang.invoke.DirectMethodHandle$Holder.invokeVirtual(java.lang.Object, java.lang.Object, java.lang.Object, java.lang.Object)'> (0x0000000713d66cf8) 
thrown [s\src\hotspot\share\interpreter\linkResolver.cpp, line 773]
Event: 3.173 Thread 0x00000286aaad2e00 Exception <a 'java/lang/NoSuchMethodError'{0x00000007138ffe90}: 'void java.lang.invoke.DirectMethodHandle$Holder.invokeStatic(java.lang.Object, java.lang.Object, int)'> (0x00000007138ffe90) 
thrown [s\src\hotspot\share\interpreter\linkResolver.cpp, line 773]
Event: 3.177 Thread 0x00000286aaad2e00 Exception <a 'java/lang/IncompatibleClassChangeError'{0x000000071392e5b8}: Found class java.lang.Object, but interface was expected> (0x000000071392e5b8) 
thrown [s\src\hotspot\share\interpreter\linkResolver.cpp, line 840]
Event: 3.181 Thread 0x00000286aaad2e00 Exception <a 'java/lang/NoSuchMethodError'{0x0000000713943748}: 'java.lang.Object java.lang.invoke.DirectMethodHandle$Holder.invokeStaticInit(java.lang.Object, int)'> (0x0000000713943748) 
thrown [s\src\hotspot\share\interpreter\linkResolver.cpp, line 773]
Event: 3.182 Thread 0x00000286aaad2e00 Exception <a 'java/lang/NoSuchMethodError'{0x000000071394dae0}: 'java.lang.Object java.lang.invoke.DirectMethodHandle$Holder.invokeStatic(java.lang.Object, int, java.lang.Object)'> (0x000000071394dae0) 
thrown [s\src\hotspot\share\interpreter\linkResolver.cpp, line 773]
Event: 3.182 Thread 0x00000286aaad2e00 Exception <a 'java/lang/NoSuchMethodError'{0x0000000713951170}: 'java.lang.Object java.lang.invoke.DirectMethodHandle$Holder.invokeStaticInit(java.lang.Object, int, java.lang.Object)'> (0x0000000713951170) 
thrown [s\src\hotspot\share\interpreter\linkResolver.cpp, line 773]
Event: 3.370 Thread 0x00000286aaad2e00 Exception <a 'java/lang/NoSuchMethodError'{0x0000000713c95b98}: 'int java.lang.invoke.DirectMethodHandle$Holder.invokeSpecial(java.lang.Object, java.lang.Object, java.lang.Object, java.lang.Object, java.lang.Object)'> (0x0000000713c95b98) 
thrown [s\src\hotspot\share\interpreter\linkResolver.cpp, line 773]
Event: 3.372 Thread 0x00000286aaad2e00 Exception <a 'java/lang/NoSuchMethodError'{0x0000000713c9db98}: 'void java.lang.invoke.DirectMethodHandle$Holder.invokeVirtual(java.lang.Object, java.lang.Object)'> (0x0000000713c9db98) 
thrown [s\src\hotspot\share\interpreter\linkResolver.cpp, line 773]

ZGC Phase Switch (0 events):
No events

VM Operations (20 events):
Event: 2.015 Executing VM operation: HandshakeAllThreads (Deoptimize) done
Event: 3.026 Executing VM operation: Cleanup
Event: 3.058 Executing VM operation: Cleanup done
Event: 3.131 Executing VM operation: HandshakeAllThreads (Deoptimize)
Event: 3.131 Executing VM operation: HandshakeAllThreads (Deoptimize) done
Event: 3.132 Executing VM operation: HandshakeAllThreads (Deoptimize)
Event: 3.132 Executing VM operation: HandshakeAllThreads (Deoptimize) done
Event: 3.172 Executing VM operation: HandshakeAllThreads (Deoptimize)
Event: 3.172 Executing VM operation: HandshakeAllThreads (Deoptimize) done
Event: 3.173 Executing VM operation: HandshakeAllThreads (Deoptimize)
Event: 3.173 Executing VM operation: HandshakeAllThreads (Deoptimize) done
Event: 3.201 Executing VM operation: G1CollectForAllocation (G1 Evacuation Pause)
Event: 3.205 Executing VM operation: G1CollectForAllocation (G1 Evacuation Pause) done
Event: 3.318 Executing VM operation: HandshakeAllThreads (Deoptimize)
Event: 3.318 Executing VM operation: HandshakeAllThreads (Deoptimize) done
Event: 3.354 Executing VM operation: HandshakeAllThreads (Deoptimize)
Event: 3.354 Executing VM operation: HandshakeAllThreads (Deoptimize) done
Event: 4.367 Executing VM operation: Cleanup
Event: 4.461 Executing VM operation: Cleanup done
Event: 5.470 Executing VM operation: Cleanup

Memory protections (0 events):
No events

Nmethod flushes (0 events):
No events

Events (20 events):
Event: 0.037 Thread 0x00000286aaad2e00 Thread added: 0x00000286c6123e00
Event: 0.078 Thread 0x00000286aaad2e00 Thread added: 0x00000286c623ce30
Event: 0.085 Thread 0x00000286c6123e00 Thread added: 0x00000286c6243780
Event: 0.086 Thread 0x00000286c6123e00 Thread added: 0x00000286c6248290
Event: 0.096 Thread 0x00000286aaad2e00 Thread added: 0x00000286c62be280
Event: 0.151 Thread 0x00000286c6248290 Thread added: 0x00000286c631ac80
Event: 0.151 Thread 0x00000286c6248290 Thread added: 0x00000286c638faa0
Event: 0.436 Thread 0x00000286aaad2e00 Thread added: 0x000002870c292fc0
Event: 0.452 Thread 0x00000286aaad2e00 Thread added: 0x00000286c6841a20
Event: 0.480 Thread 0x00000286aaad2e00 Thread added: 0x00000286c68bda90
Event: 2.009 Thread 0x00000286c6248290 Thread exited: 0x00000286c6248290
Event: 3.058 Thread 0x00000286c638faa0 Thread exited: 0x00000286c638faa0
Event: 3.058 Thread 0x00000286c631ac80 Thread exited: 0x00000286c631ac80
Event: 3.077 Thread 0x00000286c6243780 Thread added: 0x000002870c225a30
Event: 3.145 Thread 0x000002870c225a30 Thread added: 0x000002870c2165b0
Event: 3.147 Thread 0x00000286c6123e00 Thread added: 0x000002870c927e50
Event: 3.176 Thread 0x00000286aaad2e00 Thread added: 0x000002870c6a9420
Event: 4.462 Thread 0x000002870c927e50 Thread exited: 0x000002870c927e50
Event: 4.464 Thread 0x000002870c2165b0 Thread exited: 0x000002870c2165b0
Event: 4.522 Thread 0x00000286aaad2e00 Thread added: 0x000002870ce21f40


Dynamic libraries:
0x00007ff703b20000 - 0x00007ff703b2e000 	C:\Users\19625\.trae\extensions\redhat.java-1.42.0-win32-x64\jre\21.0.7-win32-x86_64\bin\java.exe
0x00007ffdee100000 - 0x00007ffdee366000 	C:\WINDOWS\SYSTEM32\ntdll.dll
0x00007ffdec120000 - 0x00007ffdec1e9000 	C:\WINDOWS\System32\KERNEL32.DLL
0x00007ffdeb840000 - 0x00007ffdebc0c000 	C:\WINDOWS\System32\KERNELBASE.dll
0x00007ffdebc10000 - 0x00007ffdebd5b000 	C:\WINDOWS\System32\ucrtbase.dll
0x00007ffddc210000 - 0x00007ffddc228000 	C:\Users\19625\.trae\extensions\redhat.java-1.42.0-win32-x64\jre\21.0.7-win32-x86_64\bin\jli.dll
0x00007ffddc1f0000 - 0x00007ffddc20e000 	C:\Users\19625\.trae\extensions\redhat.java-1.42.0-win32-x64\jre\21.0.7-win32-x86_64\bin\VCRUNTIME140.dll
0x00007ffdede40000 - 0x00007ffdee00a000 	C:\WINDOWS\System32\USER32.dll
0x00007ffdd1da0000 - 0x00007ffdd203a000 	C:\WINDOWS\WinSxS\amd64_microsoft.windows.common-controls_6595b64144ccf1df_6.0.26100.3912_none_3e07963ce335137e\COMCTL32.dll
0x00007ffdeb600000 - 0x00007ffdeb627000 	C:\WINDOWS\System32\win32u.dll
0x00007ffdec040000 - 0x00007ffdec0e9000 	C:\WINDOWS\System32\msvcrt.dll
0x00007ffded420000 - 0x00007ffded44b000 	C:\WINDOWS\System32\GDI32.dll
0x00007ffdeb4c0000 - 0x00007ffdeb5f2000 	C:\WINDOWS\System32\gdi32full.dll
0x00007ffdeb410000 - 0x00007ffdeb4b3000 	C:\WINDOWS\System32\msvcp_win.dll
0x00007ffdecc50000 - 0x00007ffdecc80000 	C:\WINDOWS\System32\IMM32.DLL
0x00007ffde4670000 - 0x00007ffde467c000 	C:\Users\19625\.trae\extensions\redhat.java-1.42.0-win32-x64\jre\21.0.7-win32-x86_64\bin\vcruntime140_1.dll
0x00007ffdb7a60000 - 0x00007ffdb7aed000 	C:\Users\19625\.trae\extensions\redhat.java-1.42.0-win32-x64\jre\21.0.7-win32-x86_64\bin\msvcp140.dll
0x00007ffd201d0000 - 0x00007ffd20f60000 	C:\Users\19625\.trae\extensions\redhat.java-1.42.0-win32-x64\jre\21.0.7-win32-x86_64\bin\server\jvm.dll
0x00007ffded450000 - 0x00007ffded502000 	C:\WINDOWS\System32\ADVAPI32.dll
0x00007ffdebec0000 - 0x00007ffdebf66000 	C:\WINDOWS\System32\sechost.dll
0x00007ffdecb30000 - 0x00007ffdecc46000 	C:\WINDOWS\System32\RPCRT4.dll
0x00007ffdeda20000 - 0x00007ffdeda94000 	C:\WINDOWS\System32\WS2_32.dll
0x00007ffde9ee0000 - 0x00007ffde9f3e000 	C:\WINDOWS\SYSTEM32\POWRPROF.dll
0x00007ffde5500000 - 0x00007ffde550b000 	C:\WINDOWS\SYSTEM32\VERSION.dll
0x00007ffde7b40000 - 0x00007ffde7b76000 	C:\WINDOWS\SYSTEM32\WINMM.dll
0x00007ffde9ec0000 - 0x00007ffde9ed4000 	C:\WINDOWS\SYSTEM32\UMPDC.dll
0x00007ffdea170000 - 0x00007ffdea18a000 	C:\WINDOWS\SYSTEM32\kernel.appcore.dll
0x00007ffdda760000 - 0x00007ffdda76a000 	C:\Users\19625\.trae\extensions\redhat.java-1.42.0-win32-x64\jre\21.0.7-win32-x86_64\bin\jimage.dll
0x00007ffde88f0000 - 0x00007ffde8b31000 	C:\WINDOWS\SYSTEM32\DBGHELP.DLL
0x00007ffdec1f0000 - 0x00007ffdec574000 	C:\WINDOWS\System32\combase.dll
0x00007ffdedaa0000 - 0x00007ffdedb80000 	C:\WINDOWS\System32\OLEAUT32.dll
0x00007ffdda060000 - 0x00007ffdda099000 	C:\WINDOWS\SYSTEM32\dbgcore.DLL
0x00007ffdebd60000 - 0x00007ffdebdf9000 	C:\WINDOWS\System32\bcryptPrimitives.dll
0x00007ffdc9300000 - 0x00007ffdc931f000 	C:\Users\19625\.trae\extensions\redhat.java-1.42.0-win32-x64\jre\21.0.7-win32-x86_64\bin\java.dll
0x00007ffdecc90000 - 0x00007ffded3bd000 	C:\WINDOWS\System32\SHELL32.dll
0x00007ffdeb290000 - 0x00007ffdeb404000 	C:\WINDOWS\System32\wintypes.dll
0x00007ffde8f60000 - 0x00007ffde97b6000 	C:\WINDOWS\SYSTEM32\windows.storage.dll
0x00007ffdec590000 - 0x00007ffdec67f000 	C:\WINDOWS\System32\SHCORE.dll
0x00007ffdebfd0000 - 0x00007ffdec039000 	C:\WINDOWS\System32\shlwapi.dll
0x00007ffdeb1a0000 - 0x00007ffdeb1cf000 	C:\WINDOWS\SYSTEM32\profapi.dll
0x00007ffdc8e40000 - 0x00007ffdc8e58000 	C:\Users\19625\.trae\extensions\redhat.java-1.42.0-win32-x64\jre\21.0.7-win32-x86_64\bin\zip.dll
0x00007ffdda3a0000 - 0x00007ffdda3b0000 	C:\Users\19625\.trae\extensions\redhat.java-1.42.0-win32-x64\jre\21.0.7-win32-x86_64\bin\net.dll
0x00007ffde3600000 - 0x00007ffde371e000 	C:\WINDOWS\SYSTEM32\WINHTTP.dll
0x00007ffdea6e0000 - 0x00007ffdea74a000 	C:\WINDOWS\system32\mswsock.dll
0x00007ffdb5ce0000 - 0x00007ffdb5cf6000 	C:\Users\19625\.trae\extensions\redhat.java-1.42.0-win32-x64\jre\21.0.7-win32-x86_64\bin\nio.dll
0x00007ffdc9370000 - 0x00007ffdc937a000 	C:\Users\19625\.trae\extensions\redhat.java-1.42.0-win32-x64\jre\21.0.7-win32-x86_64\bin\management.dll
0x00007ffdc0580000 - 0x00007ffdc058b000 	C:\Users\19625\.trae\extensions\redhat.java-1.42.0-win32-x64\jre\21.0.7-win32-x86_64\bin\management_ext.dll
0x00007ffdebf70000 - 0x00007ffdebf78000 	C:\WINDOWS\System32\PSAPI.DLL
0x00007ffddb5b0000 - 0x00007ffddb5c8000 	C:\WINDOWS\system32\napinsp.dll
0x00007ffde9bb0000 - 0x00007ffde9cd7000 	C:\WINDOWS\SYSTEM32\DNSAPI.dll
0x00007ffde9b20000 - 0x00007ffde9b53000 	C:\WINDOWS\SYSTEM32\IPHLPAPI.DLL
0x00007ffded830000 - 0x00007ffded83a000 	C:\WINDOWS\System32\NSI.dll
0x00007ffdb9fe0000 - 0x00007ffdb9ff2000 	C:\WINDOWS\System32\winrnr.dll
0x00007ffdb9fa0000 - 0x00007ffdb9fd0000 	C:\WINDOWS\system32\nlansp_c.dll
0x00007ffde3980000 - 0x00007ffde39a0000 	C:\WINDOWS\system32\wshbth.dll
0x00007ffddbeb0000 - 0x00007ffddbebb000 	C:\Windows\System32\rasadhlp.dll
0x00007ffde1cd0000 - 0x00007ffde1d56000 	C:\WINDOWS\System32\fwpuclnt.dll
0x00007ffdea980000 - 0x00007ffdea99c000 	C:\WINDOWS\SYSTEM32\CRYPTSP.dll
0x00007ffdea0d0000 - 0x00007ffdea10a000 	C:\WINDOWS\system32\rsaenh.dll
0x00007ffdea780000 - 0x00007ffdea7ab000 	C:\WINDOWS\SYSTEM32\USERENV.dll
0x00007ffdeb170000 - 0x00007ffdeb196000 	C:\WINDOWS\SYSTEM32\bcrypt.dll
0x00007ffdea9a0000 - 0x00007ffdea9ac000 	C:\WINDOWS\SYSTEM32\CRYPTBASE.dll
0x00007ffdc0ae0000 - 0x00007ffdc0ae9000 	C:\Users\19625\.trae\extensions\redhat.java-1.42.0-win32-x64\jre\21.0.7-win32-x86_64\bin\extnet.dll

dbghelp: loaded successfully - version: 4.0.5 - missing functions: none
symbol engine: initialized successfully - sym options: 0x614 - pdb path: .;C:\Users\19625\.trae\extensions\redhat.java-1.42.0-win32-x64\jre\21.0.7-win32-x86_64\bin;C:\WINDOWS\SYSTEM32;C:\WINDOWS\WinSxS\amd64_microsoft.windows.common-controls_6595b64144ccf1df_6.0.26100.3912_none_3e07963ce335137e;C:\Users\19625\.trae\extensions\redhat.java-1.42.0-win32-x64\jre\21.0.7-win32-x86_64\bin\server

VM Arguments:
jvm_args: -Dcom.sun.management.jmxremote -Dcom.sun.management.jmxremote.port=11270 -Dcom.sun.management.jmxremote.authenticate=false -Dcom.sun.management.jmxremote.ssl=false -Dspring.jmx.enabled=true -Djava.rmi.server.hostname=localhost -Dspring.application.admin.enabled=true -Dspring.boot.project.name=personal-management-system -XX:+ShowCodeDetailsInExceptionMessages 
java_command: com.gzhennaxia.personal.PersonalManagementApplication
java_class_path (initial): E:\CODE\Gzhennaxia\backend\target\classes;C:\Users\19625\.m2\repository\org\springframework\boot\spring-boot-starter-web\3.2.1\spring-boot-starter-web-3.2.1.jar;C:\Users\19625\.m2\repository\org\springframework\boot\spring-boot-starter\3.2.1\spring-boot-starter-3.2.1.jar;C:\Users\19625\.m2\repository\org\springframework\boot\spring-boot\3.2.1\spring-boot-3.2.1.jar;C:\Users\19625\.m2\repository\org\springframework\boot\spring-boot-starter-logging\3.2.1\spring-boot-starter-logging-3.2.1.jar;C:\Users\19625\.m2\repository\ch\qos\logback\logback-classic\1.4.14\logback-classic-1.4.14.jar;C:\Users\19625\.m2\repository\ch\qos\logback\logback-core\1.4.14\logback-core-1.4.14.jar;C:\Users\19625\.m2\repository\org\apache\logging\log4j\log4j-to-slf4j\2.21.1\log4j-to-slf4j-2.21.1.jar;C:\Users\19625\.m2\repository\org\apache\logging\log4j\log4j-api\2.21.1\log4j-api-2.21.1.jar;C:\Users\19625\.m2\repository\org\slf4j\jul-to-slf4j\2.0.9\jul-to-slf4j-2.0.9.jar;C:\Users\19625\.m2\repository\jakarta\annotation\jakarta.annotation-api\2.1.1\jakarta.annotation-api-2.1.1.jar;C:\Users\19625\.m2\repository\org\yaml\snakeyaml\2.2\snakeyaml-2.2.jar;C:\Users\19625\.m2\repository\org\springframework\boot\spring-boot-starter-json\3.2.1\spring-boot-starter-json-3.2.1.jar;C:\Users\19625\.m2\repository\com\fasterxml\jackson\datatype\jackson-datatype-jdk8\2.15.3\jackson-datatype-jdk8-2.15.3.jar;C:\Users\19625\.m2\repository\com\fasterxml\jackson\datatype\jackson-datatype-jsr310\2.15.3\jackson-datatype-jsr310-2.15.3.jar;C:\Users\19625\.m2\repository\com\fasterxml\jackson\module\jackson-module-parameter-names\2.15.3\jackson-module-parameter-names-2.15.3.jar;C:\Users\19625\.m2\repository\org\springframework\boot\spring-boot-starter-tomcat\3.2.1\spring-boot-starter-tomcat-3.2.1.jar;C:\Users\19625\.m2\repository\org\apache\tomcat\embed\tomcat-embed-core\10.1.17\tomcat-embed-core-10.1.17.jar;C:\Users\19625\.m2\repository\org\apache\tomcat\embed\tomcat-embed-websocket\10.1.17\tomcat-embed-websocket-10.1.17.jar;C:\Users\19625\.m2\repository\org\springframework\spring-web\6.1.2\spring-web-6.1.2.jar;C:\Users\19625\.m2\repository\org\springframework\spring-beans\6.1.2\spring-beans-6.1.2.jar;C:\Users\19625\.m2\repository\io\micrometer\micrometer-observation\1.12.1\micrometer-observation-1.12.1.jar;C:\Users\19625\.m2\repository\io\micrometer\micrometer-commons\1.12.1\micrometer-commons-1.12.1.jar;C:\Users\19625\.m2\repository\org\springframework\spring-webmvc\6.1.2\spring-webmvc-6.1.2.jar;C:\Users\19625\.m2\repository\org\springframework\spring-context\6.1.2\spring-context-6.1.2.jar;C:\Users\19625\.m2\repository\org\springframework\spring-expression\6.1.2\spring-expression-6.1.2.jar;C:\Users\19625\.m2\repository\org\springframework\boot\spring-boot-starter-security\3.2.1\spring-boot-starter-security-3.2.1.jar;C:\Users\19625\.m2\repository\org\springframework\spring-aop\6.1.2\spring-aop-6.1.2.jar;C:\Users\19625\.m2\repository\org\springframework\security\spring-security-config\6.2.1\spring-security-config-6.2.1.jar;C:\Users\19625\.m2\repository\org\springframework\security\spring-security-web\6.2.1\spring-security-web-6.2.1.jar;C:\Users\19625\.m2\repository\org\springframework\boot\spring-boot-starter-validation\3.2.1\spring-boot-starter-validation-3.2.1.jar;C:\Users\19625\.m2\repository\org\apache\tomcat\embed\tomcat-embed-el\10.1.17\tomcat-embed-el-10.1.17.jar;C:\Users\19625\.m2\repository\org\hibernate\validator\hibernate-validator\8.0.1.Final\hibernate-validator-8.0.1.Final.jar;C:\Users\19625\.m2\repository\jakarta\validation\jakarta.validation-api\3.0.2\jakarta.validation-api-3.0.2.jar;C:\Users\19625\.m2\repository\org\jboss\logging\jboss-logging\3.5.3.Final\jboss-logging-3.5.3.Final.jar;C:\Users\19625\.m2\repository\com\fasterxml\classmate\1.6.0\classmate-1.6.0.jar;C:\Users\19625\.m2\repository\com\mysql\mysql-connector-j\8.0.33\mysql-connector-j-8.0.33.jar;C:\Users\19625\.m2\repository\com\baomidou\mybatis-plus-spring-boot3-starter\3.5.5\mybatis-plus-spring-boot3-starter-3.5.5.jar;C:\Users\19625\.m2\repository\com\baomidou\mybatis-plus\3.5.5\mybatis-plus-3.5.5.jar;C:\Users\19625\.m2\repository\com\baomidou\mybatis-plus-core\3.5.5\mybatis-plus-core-3.5.5.jar;C:\Users\19625\.m2\repository\com\baomidou\mybatis-plus-annotation\3.5.5\mybatis-plus-annotation-3.5.5.jar;C:\Users\19625\.m2\repository\com\baomidou\mybatis-plus-extension\3.5.5\mybatis-plus-extension-3.5.5.jar;C:\Users\19625\.m2\repository\org\mybatis\mybatis\3.5.15\mybatis-3.5.15.jar;C:\Users\19625\.m2\repository\com\github\jsqlparser\jsqlparser\4.6\jsqlparser-4.6.jar;C:\Users\19625\.m2\repository\org\mybatis\mybatis-spring\3.0.3\mybatis-spring-3.0.3.jar;C:\Users\19625\.m2\repository\com\baomidou\mybatis-plus-spring-boot-autoconfigure\3.5.5\mybatis-plus-spring-boot-autoconfigure-3.5.5.jar;C:\Users\19625\.m2\repository\org\springframework\boot\spring-boot-autoconfigure\3.2.1\spring-boot-autoconfigure-3.2.1.jar;C:\Users\19625\.m2\repository\org\springframework\boot\spring-boot-starter-jdbc\3.2.1\spring-boot-starter-jdbc-3.2.1.jar;C:\Users\19625\.m2\repository\com\zaxxer\HikariCP\5.0.1\HikariCP-5.0.1.jar;C:\Users\19625\.m2\repository\org\springframework\spring-jdbc\6.1.2\spring-jdbc-6.1.2.jar;C:\Users\19625\.m2\repository\org\springframework\spring-tx\6.1.2\spring-tx-6.1.2.jar;C:\Users\19625\.m2\repository\io\jsonwebtoken\jjwt-api\0.11.5\jjwt-api-0.11.5.jar;C:\Users\19625\.m2\repository\io\jsonwebtoken\jjwt-impl\0.11.5\jjwt-impl-0.11.5.jar;C:\Users\19625\.m2\repository\io\jsonwebtoken\jjwt-jackson\0.11.5\jjwt-jackson-0.11.5.jar;C:\Users\19625\.m2\repository\com\fasterxml\jackson\core\jackson-databind\2.15.3\jackson-databind-2.15.3.jar;C:\Users\19625\.m2\repository\com\fasterxml\jackson\core\jackson-annotations\2.15.3\jackson-annotations-2.15.3.jar;C:\Users\19625\.m2\repository\com\fasterxml\jackson\core\jackson-core\2.15.3\jackson-core-2.15.3.jar;C:\Users\19625\.m2\repository\org\projectlombok\lombok\1.18.30\lombok-1.18.30.jar;C:\Users\19625\.m2\repository\org\slf4j\slf4j-api\2.0.9\slf4j-api-2.0.9.jar;C:\Users\19625\.m2\repository\org\springframework\spring-core\6.1.2\spring-core-6.1.2.jar;C:\Users\19625\.m2\repository\org\springframework\spring-jcl\6.1.2\spring-jcl-6.1.2.jar;C:\Users\19625\.m2\repository\org\springframework\security\spring-security-core\6.2.1\spring-security-core-6.2.1.jar;C:\Users\19625\.m2\repository\org\springframework\security\spring-security-crypto\6.2.1\spring-security-crypto-6.2.1.jar
Launcher Type: SUN_STANDARD

[Global flags]
     intx CICompilerCount                          = 12                                        {product} {ergonomic}
     uint ConcGCThreads                            = 4                                         {product} {ergonomic}
     uint G1ConcRefinementThreads                  = 15                                        {product} {ergonomic}
   size_t G1HeapRegionSize                         = 2097152                                   {product} {ergonomic}
    uintx GCDrainStackTargetSize                   = 64                                        {product} {ergonomic}
   size_t InitialHeapSize                          = 264241152                                 {product} {ergonomic}
     bool ManagementServer                         = true                                      {product} {command line}
   size_t MarkStackSize                            = 4194304                                   {product} {ergonomic}
   size_t MaxHeapSize                              = 4208984064                                {product} {ergonomic}
   size_t MaxNewSize                               = 2524971008                                {product} {ergonomic}
   size_t MinHeapDeltaBytes                        = 2097152                                   {product} {ergonomic}
   size_t MinHeapSize                              = 8388608                                   {product} {ergonomic}
    uintx NonNMethodCodeHeapSize                   = 7602480                                {pd product} {ergonomic}
    uintx NonProfiledCodeHeapSize                  = 122027880                              {pd product} {ergonomic}
    uintx ProfiledCodeHeapSize                     = 122027880                              {pd product} {ergonomic}
    uintx ReservedCodeCacheSize                    = 251658240                              {pd product} {ergonomic}
     bool SegmentedCodeCache                       = true                                      {product} {ergonomic}
     bool ShowCodeDetailsInExceptionMessages       = true                                   {manageable} {command line}
   size_t SoftMaxHeapSize                          = 4208984064                             {manageable} {ergonomic}
     bool UseCompressedOops                        = true                           {product lp64_product} {ergonomic}
     bool UseG1GC                                  = true                                      {product} {ergonomic}
     bool UseLargePagesIndividualAllocation        = false                                  {pd product} {ergonomic}

Logging:
Log output configuration:
 #0: stdout all=warning uptime,level,tags foldmultilines=false
 #1: stderr all=off uptime,level,tags foldmultilines=false

Environment Variables:
JAVA_HOME=D:\SOFTERWARE\JDK\JDK1.8
PATH=D:\SOFTERWARE\ShadowBot;C:\Windows\system32;C:\Windows;C:\Windows\System32\Wbem;C:\Windows\System32\WindowsPowerShell\v1.0\;C:\Windows\System32\OpenSSH\;C:\Windows\system32\config\systemprofile\AppData\Local\Microsoft\WindowsApps;C:\windows\system32\HWAudioDriver\;C:\Program Files\Git\cmd;C:\WINDOWS\system32;C:\WINDOWS;C:\WINDOWS\System32\Wbem;C:\WINDOWS\System32\WindowsPowerShell\v1.0\;C:\WINDOWS\System32\OpenSSH\;C:\Program Files\Docker\Docker\resources\bin;D:\SOFTERWARE\ffmpeg-7.1.1-full_build\bin;D:\SOFTERWARE\nodejs\nvm;D:\SOFTERWARE\nodejs\version;C:\Users\19625\AppData\Local\Programs\Python\Python313;D:\SOFTERWARE\apache-maven-3.9.9\bin;D:\SOFTERWARE\JDK\JDK1.8\bin;C:\Users\19625\.local\bin;D:\SOFTERWARE\OpenSSL-Win64\bin;C:\Users\19625\.local\bin;C:\Users\19625\AppData\Local\Programs\Python\Python313\Scripts\;C:\Users\19625\AppData\Local\Programs\Python\Python313\;C:\Users\19625\AppData\Local\Programs\Python\Launcher\;D:\SOFTERWARE\ShadowBot;C:\Users\19625\AppData\Local\Microsoft\WindowsApps;C:\Users\19625\AppData\Local\Microsoft\WindowsApps;D:\SOFTERWARE\nvm;D:\SOFTERWARE\nvm\nodejs
USERNAME=kuaidi100
LANG=en_US.UTF-8
OS=Windows_NT
PROCESSOR_IDENTIFIER=Intel64 Family 6 Model 191 Stepping 2, GenuineIntel
TMP=C:\Users\19625\AppData\Local\Temp
TEMP=C:\Users\19625\AppData\Local\Temp




Periodic native trim disabled

---------------  S Y S T E M  ---------------

OS:
 Windows 11 , 64 bit Build 26100 (10.0.26100.3912)
OS uptime: 1 days 0:26 hours

CPU: total 20 (initial active 20) (10 cores per cpu, 2 threads per core) family 6 model 191 stepping 2 microcode 0x38, cx8, cmov, fxsr, ht, mmx, 3dnowpref, sse, sse2, sse3, ssse3, sse4.1, sse4.2, popcnt, lzcnt, tsc, tscinvbit, avx, avx2, aes, erms, clmul, bmi1, bmi2, adx, sha, fma, vzeroupper, clflush, clflushopt, clwb, serialize, rdtscp, rdpid, fsrm, f16c, pku, cet_ibt, cet_ss
Processor Information for the first 20 processors :
  Max Mhz: 2600, Current Mhz: 2600, Mhz Limit: 2600

Memory: 4k page, system-wide physical 16053M (513M free)
TotalPageFile size 35090M (AvailPageFile size 5M)
current process WorkingSet (physical memory assigned to process): 141M, peak: 143M
current process commit charge ("private bytes"): 407M, peak: 412M

vm_info: OpenJDK 64-Bit Server VM (21.0.7+6-LTS) for windows-amd64 JRE (21.0.7+6-LTS), built on 2025-04-15T00:00:00Z by "admin" with MS VC++ 17.7 (VS2022)

END.
