2025-05-28T08:50:30.672+08:00  WARN 29376 --- [HikariPool-1 housekeeper] com.zaxxer.hikari.pool.HikariPool        : HikariPool-1 - Thread starvation or clock leap detected (housekeeper delta=14h12m13s332ms365µs300ns).
2025-05-28T08:50:42.469+08:00  INFO 28236 --- [main] c.g.p.PersonalManagementApplication      : Starting PersonalManagementApplication using Java 21.0.7 with PID 28236 (E:\CODE\Gzhennaxia\backend\target\classes started by kuaidi100 in E:\CODE\Gzhennaxia\backend)
2025-05-28T08:50:42.472+08:00 DEBUG 28236 --- [main] c.g.p.PersonalManagementApplication      : Running with Spring Boot v3.2.1, Spring v6.1.2
2025-05-28T08:50:42.473+08:00  INFO 28236 --- [main] c.g.p.PersonalManagementApplication      : No active profile set, falling back to 1 default profile: "default"
2025-05-28T08:50:44.299+08:00  INFO 28236 --- [main] o.s.b.w.embedded.tomcat.TomcatWebServer  : Tomcat initialized with port 8080 (http)
2025-05-28T08:50:44.318+08:00  INFO 28236 --- [main] o.apache.catalina.core.StandardService   : Starting service [Tomcat]
2025-05-28T08:50:44.318+08:00  INFO 28236 --- [main] o.apache.catalina.core.StandardEngine    : Starting Servlet engine: [Apache Tomcat/10.1.17]
2025-05-28T08:50:44.386+08:00  INFO 28236 --- [main] o.a.c.c.C.[Tomcat].[localhost].[/]       : Initializing Spring embedded WebApplicationContext
2025-05-28T08:50:44.386+08:00  INFO 28236 --- [main] w.s.c.ServletWebServerApplicationContext : Root WebApplicationContext: initialization completed in 1851 ms
2025-05-28T08:50:45.096+08:00  WARN 28236 --- [main] .s.s.UserDetailsServiceAutoConfiguration : 

Using generated security password: fadf0ce2-66df-42cc-917a-8a115d448aab

This generated password is for development use only. Your security configuration must be updated before running your application in production.

2025-05-28T08:50:45.434+08:00  INFO 28236 --- [main] o.s.s.web.DefaultSecurityFilterChain     : Will secure any request with [org.springframework.security.web.session.DisableEncodeUrlFilter@1144a02b, org.springframework.security.web.context.request.async.WebAsyncManagerIntegrationFilter@26a4f9ed, org.springframework.security.web.context.SecurityContextHolderFilter@1d99ee1b, org.springframework.security.web.header.HeaderWriterFilter@53feeac9, org.springframework.web.filter.CorsFilter@7a572ea0, org.springframework.security.web.authentication.logout.LogoutFilter@159ac15f, org.springframework.security.web.savedrequest.RequestCacheAwareFilter@167a21b, org.springframework.security.web.servletapi.SecurityContextHolderAwareRequestFilter@7c0df4ab, org.springframework.security.web.authentication.AnonymousAuthenticationFilter@45287377, org.springframework.security.web.access.ExceptionTranslationFilter@dada335, org.springframework.security.web.access.intercept.AuthorizationFilter@37b01ce2]
2025-05-28T08:50:45.733+08:00  INFO 28236 --- [main] o.s.b.w.embedded.tomcat.TomcatWebServer  : Tomcat started on port 8080 (http) with context path ''
2025-05-28T08:50:45.746+08:00  INFO 28236 --- [main] c.g.p.PersonalManagementApplication      : Started PersonalManagementApplication in 3.974 seconds (process running for 4.991)
2025-05-28T08:50:59.787+08:00  INFO 28236 --- [http-nio-8080-exec-1] o.a.c.c.C.[Tomcat].[localhost].[/]       : Initializing Spring DispatcherServlet 'dispatcherServlet'
2025-05-28T08:50:59.788+08:00  INFO 28236 --- [http-nio-8080-exec-1] o.s.web.servlet.DispatcherServlet        : Initializing Servlet 'dispatcherServlet'
2025-05-28T08:50:59.789+08:00  INFO 28236 --- [http-nio-8080-exec-1] o.s.web.servlet.DispatcherServlet        : Completed initialization in 1 ms
2025-05-28T08:51:00.000+08:00  INFO 28236 --- [http-nio-8080-exec-1] com.zaxxer.hikari.HikariDataSource       : HikariPool-1 - Starting...
2025-05-28T08:51:00.198+08:00  INFO 28236 --- [http-nio-8080-exec-1] com.zaxxer.hikari.pool.HikariPool        : HikariPool-1 - Added connection com.mysql.cj.jdbc.ConnectionImpl@41352672
2025-05-28T08:51:00.200+08:00  INFO 28236 --- [http-nio-8080-exec-1] com.zaxxer.hikari.HikariDataSource       : HikariPool-1 - Start completed.
2025-05-28T09:36:14.739+08:00  INFO 34360 --- [main] c.g.p.PersonalManagementApplication      : Starting PersonalManagementApplication using Java 21.0.7 with PID 34360 (E:\CODE\Gzhennaxia\backend\target\classes started by kuaidi100 in E:\CODE\Gzhennaxia\backend)
2025-05-28T09:36:14.741+08:00 DEBUG 34360 --- [main] c.g.p.PersonalManagementApplication      : Running with Spring Boot v3.2.1, Spring v6.1.2
2025-05-28T09:36:14.742+08:00  INFO 34360 --- [main] c.g.p.PersonalManagementApplication      : No active profile set, falling back to 1 default profile: "default"
2025-05-28T09:36:15.954+08:00  INFO 34360 --- [main] .s.d.r.c.RepositoryConfigurationDelegate : Multiple Spring Data modules found, entering strict repository configuration mode
2025-05-28T09:36:15.958+08:00  INFO 34360 --- [main] .s.d.r.c.RepositoryConfigurationDelegate : Bootstrapping Spring Data Redis repositories in DEFAULT mode.
2025-05-28T09:36:15.998+08:00  INFO 34360 --- [main] .s.d.r.c.RepositoryConfigurationDelegate : Finished Spring Data repository scanning in 14 ms. Found 0 Redis repository interfaces.
2025-05-28T09:36:16.760+08:00  INFO 34360 --- [main] o.s.b.w.embedded.tomcat.TomcatWebServer  : Tomcat initialized with port 8080 (http)
2025-05-28T09:36:16.788+08:00  INFO 34360 --- [main] o.apache.catalina.core.StandardService   : Starting service [Tomcat]
2025-05-28T09:36:16.789+08:00  INFO 34360 --- [main] o.apache.catalina.core.StandardEngine    : Starting Servlet engine: [Apache Tomcat/10.1.17]
2025-05-28T09:36:16.858+08:00  INFO 34360 --- [main] o.a.c.c.C.[Tomcat].[localhost].[/]       : Initializing Spring embedded WebApplicationContext
2025-05-28T09:36:16.858+08:00  INFO 34360 --- [main] w.s.c.ServletWebServerApplicationContext : Root WebApplicationContext: initialization completed in 2076 ms
2025-05-28T09:36:17.408+08:00  WARN 34360 --- [main] ConfigServletWebServerApplicationContext : Exception encountered during context initialization - cancelling refresh attempt: org.springframework.beans.factory.UnsatisfiedDependencyException: Error creating bean with name 'IBController': Unsatisfied dependency expressed through field 'ibDataSyncService': Error creating bean with name 'IBDataSyncService': Unsatisfied dependency expressed through field 'ibClient': Error creating bean with name 'IBClientPortalApiClient' defined in file [E:\CODE\Gzhennaxia\backend\target\classes\com\gzhennaxia\personal\integration\ib\IBClientPortalApiClient.class]: Unsatisfied dependency expressed through constructor parameter 0: No qualifying bean of type 'org.springframework.web.client.RestTemplate' available: expected at least 1 bean which qualifies as autowire candidate. Dependency annotations: {}
2025-05-28T09:36:17.411+08:00  INFO 34360 --- [main] o.apache.catalina.core.StandardService   : Stopping service [Tomcat]
2025-05-28T09:36:17.424+08:00  INFO 34360 --- [main] .s.b.a.l.ConditionEvaluationReportLogger : 

Error starting ApplicationContext. To display the condition evaluation report re-run your application with 'debug' enabled.
2025-05-28T09:36:17.447+08:00 ERROR 34360 --- [main] o.s.b.d.LoggingFailureAnalysisReporter   : 

***************************
APPLICATION FAILED TO START
***************************

Description:

Parameter 0 of constructor in com.gzhennaxia.personal.integration.ib.IBClientPortalApiClient required a bean of type 'org.springframework.web.client.RestTemplate' that could not be found.

The injection point has the following annotations:
	- @org.springframework.beans.factory.annotation.Autowired(required=true)


Action:

Consider defining a bean of type 'org.springframework.web.client.RestTemplate' in your configuration.

2025-05-28T09:38:02.164+08:00  INFO 40528 --- [main] c.g.p.PersonalManagementApplication      : Starting PersonalManagementApplication using Java 21.0.7 with PID 40528 (E:\CODE\Gzhennaxia\backend\target\classes started by kuaidi100 in E:\CODE\Gzhennaxia\backend)
2025-05-28T09:38:02.165+08:00 DEBUG 40528 --- [main] c.g.p.PersonalManagementApplication      : Running with Spring Boot v3.2.1, Spring v6.1.2
2025-05-28T09:38:02.166+08:00  INFO 40528 --- [main] c.g.p.PersonalManagementApplication      : No active profile set, falling back to 1 default profile: "default"
2025-05-28T09:38:02.832+08:00  INFO 40528 --- [main] .s.d.r.c.RepositoryConfigurationDelegate : Multiple Spring Data modules found, entering strict repository configuration mode
2025-05-28T09:38:02.834+08:00  INFO 40528 --- [main] .s.d.r.c.RepositoryConfigurationDelegate : Bootstrapping Spring Data Redis repositories in DEFAULT mode.
2025-05-28T09:38:02.855+08:00  INFO 40528 --- [main] .s.d.r.c.RepositoryConfigurationDelegate : Finished Spring Data repository scanning in 6 ms. Found 0 Redis repository interfaces.
2025-05-28T09:38:03.405+08:00  INFO 40528 --- [main] o.s.b.w.embedded.tomcat.TomcatWebServer  : Tomcat initialized with port 8080 (http)
2025-05-28T09:38:03.417+08:00  INFO 40528 --- [main] o.apache.catalina.core.StandardService   : Starting service [Tomcat]
2025-05-28T09:38:03.418+08:00  INFO 40528 --- [main] o.apache.catalina.core.StandardEngine    : Starting Servlet engine: [Apache Tomcat/10.1.17]
2025-05-28T09:38:03.467+08:00  INFO 40528 --- [main] o.a.c.c.C.[Tomcat].[localhost].[/]       : Initializing Spring embedded WebApplicationContext
2025-05-28T09:38:03.467+08:00  INFO 40528 --- [main] w.s.c.ServletWebServerApplicationContext : Root WebApplicationContext: initialization completed in 1255 ms
2025-05-28T09:38:03.886+08:00  WARN 40528 --- [main] ConfigServletWebServerApplicationContext : Exception encountered during context initialization - cancelling refresh attempt: org.springframework.beans.factory.UnsatisfiedDependencyException: Error creating bean with name 'IBController': Unsatisfied dependency expressed through field 'ibDataSyncService': Error creating bean with name 'IBDataSyncService': Unsatisfied dependency expressed through field 'ibClient': Error creating bean with name 'IBClientPortalApiClient' defined in file [E:\CODE\Gzhennaxia\backend\target\classes\com\gzhennaxia\personal\integration\ib\IBClientPortalApiClient.class]: Unsatisfied dependency expressed through constructor parameter 0: No qualifying bean of type 'org.springframework.web.client.RestTemplate' available: expected at least 1 bean which qualifies as autowire candidate. Dependency annotations: {}
2025-05-28T09:38:03.890+08:00  INFO 40528 --- [main] o.apache.catalina.core.StandardService   : Stopping service [Tomcat]
2025-05-28T09:38:03.900+08:00  INFO 40528 --- [main] .s.b.a.l.ConditionEvaluationReportLogger : 

Error starting ApplicationContext. To display the condition evaluation report re-run your application with 'debug' enabled.
2025-05-28T09:38:03.914+08:00 ERROR 40528 --- [main] o.s.b.d.LoggingFailureAnalysisReporter   : 

***************************
APPLICATION FAILED TO START
***************************

Description:

Parameter 0 of constructor in com.gzhennaxia.personal.integration.ib.IBClientPortalApiClient required a bean of type 'org.springframework.web.client.RestTemplate' that could not be found.

The injection point has the following annotations:
	- @org.springframework.beans.factory.annotation.Autowired(required=true)


Action:

Consider defining a bean of type 'org.springframework.web.client.RestTemplate' in your configuration.

2025-05-28T09:40:28.362+08:00  INFO 36376 --- [main] c.g.p.PersonalManagementApplication      : Starting PersonalManagementApplication using Java 21.0.7 with PID 36376 (E:\CODE\Gzhennaxia\backend\target\classes started by kuaidi100 in E:\CODE\Gzhennaxia\backend)
2025-05-28T09:40:28.363+08:00 DEBUG 36376 --- [main] c.g.p.PersonalManagementApplication      : Running with Spring Boot v3.2.1, Spring v6.1.2
2025-05-28T09:40:28.364+08:00  INFO 36376 --- [main] c.g.p.PersonalManagementApplication      : No active profile set, falling back to 1 default profile: "default"
2025-05-28T09:40:28.990+08:00  INFO 36376 --- [main] .s.d.r.c.RepositoryConfigurationDelegate : Multiple Spring Data modules found, entering strict repository configuration mode
2025-05-28T09:40:28.992+08:00  INFO 36376 --- [main] .s.d.r.c.RepositoryConfigurationDelegate : Bootstrapping Spring Data Redis repositories in DEFAULT mode.
2025-05-28T09:40:29.017+08:00  INFO 36376 --- [main] .s.d.r.c.RepositoryConfigurationDelegate : Finished Spring Data repository scanning in 9 ms. Found 0 Redis repository interfaces.
2025-05-28T09:40:29.870+08:00  INFO 36376 --- [main] o.s.b.w.embedded.tomcat.TomcatWebServer  : Tomcat initialized with port 8080 (http)
2025-05-28T09:40:29.891+08:00  INFO 36376 --- [main] o.apache.catalina.core.StandardService   : Starting service [Tomcat]
2025-05-28T09:40:29.892+08:00  INFO 36376 --- [main] o.apache.catalina.core.StandardEngine    : Starting Servlet engine: [Apache Tomcat/10.1.17]
2025-05-28T09:40:29.961+08:00  INFO 36376 --- [main] o.a.c.c.C.[Tomcat].[localhost].[/]       : Initializing Spring embedded WebApplicationContext
2025-05-28T09:40:29.962+08:00  INFO 36376 --- [main] w.s.c.ServletWebServerApplicationContext : Root WebApplicationContext: initialization completed in 1569 ms
2025-05-28T09:40:30.721+08:00  WARN 36376 --- [main] ConfigServletWebServerApplicationContext : Exception encountered during context initialization - cancelling refresh attempt: org.springframework.beans.factory.UnsatisfiedDependencyException: Error creating bean with name 'IBController': Unsatisfied dependency expressed through field 'ibDataSyncService': Error creating bean with name 'IBDataSyncService': Unsatisfied dependency expressed through field 'ibClient': Error creating bean with name 'IBClientPortalApiClient' defined in file [E:\CODE\Gzhennaxia\backend\target\classes\com\gzhennaxia\personal\integration\ib\IBClientPortalApiClient.class]: Unsatisfied dependency expressed through constructor parameter 0: No qualifying bean of type 'org.springframework.web.client.RestTemplate' available: expected at least 1 bean which qualifies as autowire candidate. Dependency annotations: {}
2025-05-28T09:40:30.725+08:00  INFO 36376 --- [main] o.apache.catalina.core.StandardService   : Stopping service [Tomcat]
2025-05-28T09:40:30.747+08:00  INFO 36376 --- [main] .s.b.a.l.ConditionEvaluationReportLogger : 

Error starting ApplicationContext. To display the condition evaluation report re-run your application with 'debug' enabled.
2025-05-28T09:40:30.776+08:00 ERROR 36376 --- [main] o.s.b.d.LoggingFailureAnalysisReporter   : 

***************************
APPLICATION FAILED TO START
***************************

Description:

Parameter 0 of constructor in com.gzhennaxia.personal.integration.ib.IBClientPortalApiClient required a bean of type 'org.springframework.web.client.RestTemplate' that could not be found.

The injection point has the following annotations:
	- @org.springframework.beans.factory.annotation.Autowired(required=true)


Action:

Consider defining a bean of type 'org.springframework.web.client.RestTemplate' in your configuration.

2025-05-28T10:02:00.217+08:00  INFO 18380 --- [main] c.g.p.PersonalManagementApplication      : Starting PersonalManagementApplication using Java 21.0.7 with PID 18380 (E:\CODE\Gzhennaxia\backend\target\classes started by kuaidi100 in E:\CODE\Gzhennaxia\backend)
2025-05-28T10:02:00.218+08:00 DEBUG 18380 --- [main] c.g.p.PersonalManagementApplication      : Running with Spring Boot v3.2.1, Spring v6.1.2
2025-05-28T10:02:00.218+08:00  INFO 18380 --- [main] c.g.p.PersonalManagementApplication      : No active profile set, falling back to 1 default profile: "default"
2025-05-28T10:02:00.796+08:00  INFO 18380 --- [main] .s.d.r.c.RepositoryConfigurationDelegate : Multiple Spring Data modules found, entering strict repository configuration mode
2025-05-28T10:02:00.798+08:00  INFO 18380 --- [main] .s.d.r.c.RepositoryConfigurationDelegate : Bootstrapping Spring Data Redis repositories in DEFAULT mode.
2025-05-28T10:02:00.820+08:00  INFO 18380 --- [main] .s.d.r.c.RepositoryConfigurationDelegate : Finished Spring Data repository scanning in 7 ms. Found 0 Redis repository interfaces.
2025-05-28T10:02:01.669+08:00  INFO 18380 --- [main] o.s.b.w.embedded.tomcat.TomcatWebServer  : Tomcat initialized with port 8080 (http)
2025-05-28T10:02:01.683+08:00  INFO 18380 --- [main] o.apache.catalina.core.StandardService   : Starting service [Tomcat]
2025-05-28T10:02:01.684+08:00  INFO 18380 --- [main] o.apache.catalina.core.StandardEngine    : Starting Servlet engine: [Apache Tomcat/10.1.17]
2025-05-28T10:02:01.768+08:00  INFO 18380 --- [main] o.a.c.c.C.[Tomcat].[localhost].[/]       : Initializing Spring embedded WebApplicationContext
2025-05-28T10:02:01.768+08:00  INFO 18380 --- [main] w.s.c.ServletWebServerApplicationContext : Root WebApplicationContext: initialization completed in 1519 ms
2025-05-28T10:02:03.031+08:00  WARN 18380 --- [main] .s.s.UserDetailsServiceAutoConfiguration : 

Using generated security password: 8b994776-4491-4a88-b047-62977a906889

This generated password is for development use only. Your security configuration must be updated before running your application in production.

2025-05-28T10:02:03.432+08:00  INFO 18380 --- [main] o.s.s.web.DefaultSecurityFilterChain     : Will secure any request with [org.springframework.security.web.session.DisableEncodeUrlFilter@395eb363, org.springframework.security.web.context.request.async.WebAsyncManagerIntegrationFilter@1e194966, org.springframework.security.web.context.SecurityContextHolderFilter@74a5bef0, org.springframework.security.web.header.HeaderWriterFilter@2f166d61, org.springframework.web.filter.CorsFilter@160546b1, org.springframework.security.web.authentication.logout.LogoutFilter@708f7386, org.springframework.security.web.savedrequest.RequestCacheAwareFilter@570ed9c, org.springframework.security.web.servletapi.SecurityContextHolderAwareRequestFilter@93f15f6, org.springframework.security.web.authentication.AnonymousAuthenticationFilter@103e7c7c, org.springframework.security.web.access.ExceptionTranslationFilter@3a751535, org.springframework.security.web.access.intercept.AuthorizationFilter@4f4d05b3]
2025-05-28T10:02:03.875+08:00  INFO 18380 --- [main] o.s.b.w.embedded.tomcat.TomcatWebServer  : Tomcat started on port 8080 (http) with context path ''
2025-05-28T10:02:03.884+08:00  INFO 18380 --- [main] c.g.p.PersonalManagementApplication      : Started PersonalManagementApplication in 3.946 seconds (process running for 4.372)
